<?xml version="1.0" encoding="UTF-8"?>
<!-- Generated by org.testng.reporters.JUnitReportReporter -->
<testsuite hostname="DESKTOP-MUG13MS" failures="0" tests="1" name="com.mytests.LoginTest" time="25.233" errors="0" timestamp="09 Jan 2020 17:55:54 GMT" skipped="0">
  <testcase classname="com.mytests.LoginTest" name="verifyLoginTest" time="25.233"/>
</testsuite> <!-- com.mytests.LoginTest -->
